<?xml version="1.0" encoding="UTF-8"?>
<!-- Generated by org.testng.reporters.JUnitReportReporter -->
<testsuite hostname="LAPTOP-P21D2061" name="One.MavenOne.Demo" tests="1" failures="0" timestamp="12 Aug 2021 20:54:20 GMT" time="0.029" errors="0">
  <testcase name="hi" time="0.029" classname="One.MavenOne.Demo"/>
</testsuite> <!-- One.MavenOne.Demo -->
