<?xml version="1.0" encoding="UTF-8"?>
<!-- Generated by org.testng.reporters.JUnitReportReporter -->
<testsuite hostname="LAPTOP-P21D2061" name="MavenOne.Demo3" tests="3" failures="0" timestamp="13 Aug 2021 02:14:54 GMT" time="0.008" errors="0">
  <testcase name="hi8" time="0.003" classname="MavenOne.Demo3"/>
  <testcase name="hi9" time="0.003" classname="MavenOne.Demo3"/>
  <testcase name="hi7" time="0.002" classname="MavenOne.Demo3"/>
</testsuite> <!-- MavenOne.Demo3 -->
