<?xml version="1.0" encoding="UTF-8"?>
<!-- Generated by org.testng.reporters.JUnitReportReporter -->
<testsuite hostname="LAPTOP-P21D2061" name="MavenOne.Demo2" tests="3" failures="0" timestamp="13 Aug 2021 02:22:54 GMT" time="0.002" errors="0">
  <testcase name="hi4" time="0.001" classname="MavenOne.Demo2"/>
  <testcase name="hi6" time="0.001" classname="MavenOne.Demo2"/>
  <testcase name="hi5" time="0.000" classname="MavenOne.Demo2"/>
</testsuite> <!-- MavenOne.Demo2 -->
