<?xml version="1.0" encoding="UTF-8"?>
<!-- Generated by org.testng.reporters.JUnitReportReporter -->
<testsuite hostname="LAPTOP-P21D2061" name="MavenOne.Demo" tests="3" failures="0" timestamp="13 Aug 2021 02:22:54 GMT" time="0.012" errors="0">
  <testcase name="hi3" time="0.000" classname="MavenOne.Demo"/>
  <testcase name="hi1" time="0.011" classname="MavenOne.Demo"/>
  <testcase name="hi2" time="0.001" classname="MavenOne.Demo"/>
</testsuite> <!-- MavenOne.Demo -->
